<?xml version="1.0" encoding="UTF-8"?>
<!-- Generated by org.testng.reporters.JUnitXMLReporter -->
<testsuite ignored="0" hostname="Gauravk-PC" failures="0" tests="1" name="HNM_KW_en" time="0.123" errors="0" timestamp="23 Jul 2021 13:24:32 GMT">
  <testcase classname="com.adu.lms.HomePage" name="@BeforeTest getDriverObject" time="0.0">
    <failure type="org.testng.TestNGException" message="
Can inject only one of &amp;lt;ITestContext, XmlTest&amp;gt; into a @BeforeTest annotated getDriverObject.
For more information on native dependency injection please refer to http://testng.org/doc/documentation-main.html#native-dependency-injection">
      <![CDATA[org.testng.TestNGException: 
Can inject only one of <ITestContext, XmlTest> into a @BeforeTest annotated getDriverObject.
For more information on native dependency injection please refer to http://testng.org/doc/documentation-main.html#native-dependency-injection
... Removed 21 stack frames]]>
    </failure>
  </testcase> <!-- @BeforeTest getDriverObject -->
  <testcase classname="com.adu.lms.HomePage" name="Lms_Login" time="0.0">
    <skipped/>
  </testcase> <!-- Lms_Login -->
</testsuite> <!-- HNM_KW_en -->
