<?xml version="1.0" encoding="UTF-8"?>
<!-- Generated by org.testng.reporters.JUnitXMLReporter -->
<testsuite ignored="0" hostname="Gauravk-PC" failures="1" tests="2" name="Test" time="385.214" errors="0" timestamp="2022-02-10T19:21:07 IST">
  <testcase classname="testCases.navigateChapter2" name="doLogin" time="11.168"/>
  <testcase classname="testCases.navigateChapter2" name="navNextPage2" time="352.789">
    <failure type="java.lang.NullPointerException">
      <![CDATA[java.lang.NullPointerException
at java.base/java.util.Hashtable.put(Hashtable.java:476)
at testCases.navigateChapter2.navNextPage2(navigateChapter2.java:94)
at java.base/java.util.ArrayList.forEach(ArrayList.java:1511)
... Removed 27 stack frames]]>
    </failure>
  </testcase> <!-- navNextPage2 -->
</testsuite> <!-- Test -->
