<?xml version="1.0" encoding="UTF-8"?>
<!-- Generated by org.testng.reporters.JUnitXMLReporter -->
<testsuite ignored="0" hostname="Gauravk-PC" failures="1" tests="2" name="Test2" time="800.811" errors="0" timestamp="2022-02-10T13:26:12 IST">
  <testcase classname="testCases.navigateChapter22" name="doLogin" time="8.702"/>
  <testcase classname="testCases.navigateChapter22" name="navNextPage2" time="781.255">
    <failure type="java.lang.NullPointerException">
      <![CDATA[java.lang.NullPointerException
at java.base/java.util.Hashtable.put(Hashtable.java:476)
at testCases.navigateChapter22.navNextPage2(navigateChapter22.java:94)
at java.base/java.util.ArrayList.forEach(ArrayList.java:1511)
... Removed 27 stack frames]]>
    </failure>
  </testcase> <!-- navNextPage2 -->
</testsuite> <!-- Test2 -->
